<?xml version="1.0" encoding="UTF-8"?>
<!-- Generated by org.testng.reporters.JUnitReportReporter -->
<testsuite hostname="DESKTOP-36RTCA4" failures="0" tests="4" name="com.ecommerce.runner.TestRunner" time="41.801" errors="0" timestamp="2025-01-04T18:58:54 IST" skipped="0">
  <testcase classname="com.ecommerce.runner.TestRunner" name="runScenario" time="7.075"/>
  <testcase classname="com.ecommerce.runner.TestRunner" name="runScenario" time="13.400"/>
  <testcase classname="com.ecommerce.runner.TestRunner" name="runScenario" time="16.502"/>
  <testcase classname="com.ecommerce.runner.TestRunner" name="runScenario" time="4.824"/>
</testsuite> <!-- com.ecommerce.runner.TestRunner -->
